2025-05-06 01:15:06.440 INFO  c.k.katalon.core.main.TestSuiteExecutor  - START Test Suites/Kawan Lama Test Suite
2025-05-06 01:15:06.570 INFO  c.k.katalon.core.main.TestSuiteExecutor  - userFullName = F Ok
2025-05-06 01:15:06.571 INFO  c.k.katalon.core.main.TestSuiteExecutor  - projectName = katalon-klg
2025-05-06 01:15:06.573 INFO  c.k.katalon.core.main.TestSuiteExecutor  - hostName = KanzlerHund - MSI
2025-05-06 01:15:06.574 INFO  c.k.katalon.core.main.TestSuiteExecutor  - os = Windows 11 64bit
2025-05-06 01:15:06.575 INFO  c.k.katalon.core.main.TestSuiteExecutor  - hostAddress = 192.168.1.8
2025-05-06 01:15:06.576 INFO  c.k.katalon.core.main.TestSuiteExecutor  - katalonVersion = 10.2.0.0
2025-05-06 01:15:07.184 INFO  c.k.katalon.core.main.TestCaseExecutor   - --------------------
2025-05-06 01:15:07.185 INFO  c.k.katalon.core.main.TestCaseExecutor   - START Test Cases/login - success
2025-05-06 01:15:07.736 DEBUG testcase.login - success                 - 1: openBrowser("")
2025-05-06 01:15:08.097 INFO  c.k.k.core.webui.driver.DriverFactory    - Starting 'Chrome' driver
2025-05-06 01:15:08.178 INFO  c.k.k.core.webui.driver.DriverFactory    - Action delay is set to 0 milliseconds
May 06, 2025 1:15:09 AM org.openqa.selenium.devtools.CdpVersionFinder findNearestMatch
WARNING: Unable to find CDP implementation matching 135
May 06, 2025 1:15:09 AM org.openqa.selenium.chromium.ChromiumDriver lambda$new$4
WARNING: Unable to find version of CDP to use for 135.0.7049.116. You may need to include a dependency on a specific version of the CDP using something similar to `org.seleniumhq.selenium:selenium-devtools-v86:4.28.1` where the version ("v86") matches the version of the chromium-based browser you're using and the version number of the artifact is the same as Selenium's.
2025-05-06 01:15:10.476 INFO  c.k.k.core.webui.driver.DriverFactory    - sessionId = f215b4bf60b0dcd87512cbea86979f23
2025-05-06 01:15:10.479 INFO  c.k.k.core.webui.driver.DriverFactory    - browser = Chrome 135.0.7049.116
2025-05-06 01:15:10.482 INFO  c.k.k.core.webui.driver.DriverFactory    - platform = Windows 11
2025-05-06 01:15:10.483 INFO  c.k.k.core.webui.driver.DriverFactory    - seleniumVersion = 4.28.1
2025-05-06 01:15:10.490 INFO  c.k.k.core.webui.driver.DriverFactory    - proxyInformation = ProxyInformation { proxyOption=NO_PROXY, proxyServerType=HTTP, username=, password=********, proxyServerAddress=, proxyServerPort=0, executionList="", isApplyToDesiredCapabilities=true }
2025-05-06 01:15:10.548 DEBUG testcase.login - success                 - 2: navigateToUrl(link)
2025-05-06 01:15:14.366 DEBUG testcase.login - success                 - 3: click(findTestObject("Login Page/Page_login/i_CURA Healthcare_fa fa-bars"))
2025-05-06 01:15:14.820 DEBUG testcase.login - success                 - 4: click(findTestObject("Login Page/Page_login/a_Login"))
2025-05-06 01:15:15.506 DEBUG testcase.login - success                 - 5: setText(findTestObject("Login Page/Page_login/input_Username_username"), findTestData("Credential").getValue(1, 1))
2025-05-06 01:15:16.282 DEBUG testcase.login - success                 - 6: assert true
2025-05-06 01:15:16.286 DEBUG testcase.login - success                 - 7: setMaskedText(findTestObject("Login Page/Page_login/input_Password_password"), findTestData("Credential").getValue(1,**))
2025-05-06 01:15:16.938 DEBUG testcase.login - success                 - 8: assert true
2025-05-06 01:15:16.940 DEBUG testcase.login - success                 - 9: verifyElementNotPresent(findTestObject("Login Page/Page_login/p_Login failed Please ensure the username and password are valid"), 0)
2025-05-06 01:15:17.028 WARN  c.kms.katalon.core.helper.KeywordHelper  - Timeout '0' is invalid. Using default page load timeout: '30'
2025-05-06 01:15:17.394 DEBUG testcase.login - success                 - 10: click(findTestObject("Login Page/Page_login/button_Login"))
2025-05-06 01:15:18.362 DEBUG testcase.login - success                 - 11: takeScreenshot()
2025-05-06 01:15:18.934 INFO  c.k.katalon.core.main.TestCaseExecutor   - END Test Cases/login - success
2025-05-06 01:15:18.942 INFO  c.k.katalon.core.main.TestCaseExecutor   - --------------------
2025-05-06 01:15:18.942 INFO  c.k.katalon.core.main.TestCaseExecutor   - START Test Cases/login - failure
2025-05-06 01:15:19.067 DEBUG testcase.login - success                 - 1: openBrowser("")
2025-05-06 01:15:19.071 WARN  c.k.k.core.webui.driver.DriverFactory    - A browser is already opened. Closing browser and opening a new one
2025-05-06 01:15:19.276 INFO  c.k.k.core.webui.driver.DriverFactory    - Starting 'Chrome' driver
2025-05-06 01:15:19.289 INFO  c.k.k.core.webui.driver.DriverFactory    - Action delay is set to 0 milliseconds
May 06, 2025 1:15:20 AM org.openqa.selenium.devtools.CdpVersionFinder findNearestMatch
WARNING: Unable to find CDP implementation matching 135
May 06, 2025 1:15:20 AM org.openqa.selenium.chromium.ChromiumDriver lambda$new$4
WARNING: Unable to find version of CDP to use for 135.0.7049.116. You may need to include a dependency on a specific version of the CDP using something similar to `org.seleniumhq.selenium:selenium-devtools-v86:4.28.1` where the version ("v86") matches the version of the chromium-based browser you're using and the version number of the artifact is the same as Selenium's.
2025-05-06 01:15:20.427 INFO  c.k.k.core.webui.driver.DriverFactory    - sessionId = c0909f88c613ea7acd431fab5bdbbbee
2025-05-06 01:15:20.428 INFO  c.k.k.core.webui.driver.DriverFactory    - browser = Chrome 135.0.7049.116
2025-05-06 01:15:20.428 INFO  c.k.k.core.webui.driver.DriverFactory    - platform = Windows 11
2025-05-06 01:15:20.428 INFO  c.k.k.core.webui.driver.DriverFactory    - seleniumVersion = 4.28.1
2025-05-06 01:15:20.429 INFO  c.k.k.core.webui.driver.DriverFactory    - proxyInformation = ProxyInformation { proxyOption=NO_PROXY, proxyServerType=HTTP, username=, password=********, proxyServerAddress=, proxyServerPort=0, executionList="", isApplyToDesiredCapabilities=true }
2025-05-06 01:15:20.451 DEBUG testcase.login - success                 - 2: navigateToUrl(link)
2025-05-06 01:15:24.212 DEBUG testcase.login - success                 - 3: click(findTestObject("Login Page/Page_login/i_CURA Healthcare_fa fa-bars"))
2025-05-06 01:15:24.555 DEBUG testcase.login - success                 - 4: click(findTestObject("Login Page/Page_login/a_Login"))
2025-05-06 01:15:25.223 DEBUG testcase.login - success                 - 5: setText(findTestObject("Login Page/Page_login/input_Username_username"), findTestData("Credential").getValue(1, 3))
2025-05-06 01:15:25.922 DEBUG testcase.login - success                 - 6: setMaskedText(findTestObject("Login Page/Page_login/input_Password_password"), findTestData("Credential").getValue(1,**))
2025-05-06 01:15:26.482 DEBUG testcase.login - success                 - 7: click(findTestObject("Login Page/Page_login/button_Login"))
2025-05-06 01:15:27.414 DEBUG testcase.login - success                 - 8: verifyElementPresent(findTestObject("Login Page/Page_login/p_Login failed Please ensure the username and password are valid"), 0, STOP_ON_FAILURE)
2025-05-06 01:15:27.444 WARN  c.kms.katalon.core.helper.KeywordHelper  - Timeout '0' is invalid. Using default page load timeout: '30'
2025-05-06 01:15:27.935 DEBUG testcase.login - success                 - 9: takeScreenshot()
2025-05-06 01:15:28.279 DEBUG testcase.login - success                 - 10: closeBrowser()
2025-05-06 01:15:28.466 INFO  c.k.katalon.core.main.TestCaseExecutor   - END Test Cases/login - failure
2025-05-06 01:15:28.469 INFO  c.k.katalon.core.main.TestCaseExecutor   - --------------------
2025-05-06 01:15:28.469 INFO  c.k.katalon.core.main.TestCaseExecutor   - START Test Cases/appointment - tokyo - medicare
2025-05-06 01:15:28.495 INFO  c.k.katalon.core.main.TestCaseExecutor   - (Default) link = https://katalon-demo-cura.herokuapp.com/
2025-05-06 01:15:28.584 DEBUG t.appointment - tokyo - medicare         - 1: callTestCase(findTestCase("login - success"), [:], STOP_ON_FAILURE)
2025-05-06 01:15:28.674 INFO  c.k.katalon.core.main.TestCaseExecutor   - --------------------
2025-05-06 01:15:28.674 INFO  c.k.katalon.core.main.TestCaseExecutor   - CALL Test Cases/login - success
2025-05-06 01:15:28.689 DEBUG testcase.login - success                 - 1: openBrowser("")
2025-05-06 01:15:28.692 INFO  c.k.k.core.webui.driver.DriverFactory    - Starting 'Chrome' driver
2025-05-06 01:15:28.694 INFO  c.k.k.core.webui.driver.DriverFactory    - Action delay is set to 0 milliseconds
May 06, 2025 1:15:29 AM org.openqa.selenium.devtools.CdpVersionFinder findNearestMatch
WARNING: Unable to find CDP implementation matching 135
May 06, 2025 1:15:29 AM org.openqa.selenium.chromium.ChromiumDriver lambda$new$4
WARNING: Unable to find version of CDP to use for 135.0.7049.116. You may need to include a dependency on a specific version of the CDP using something similar to `org.seleniumhq.selenium:selenium-devtools-v86:4.28.1` where the version ("v86") matches the version of the chromium-based browser you're using and the version number of the artifact is the same as Selenium's.
2025-05-06 01:15:29.703 INFO  c.k.k.core.webui.driver.DriverFactory    - sessionId = 833bd8701f3b1de5a1d601f11cd78ae9
2025-05-06 01:15:29.704 INFO  c.k.k.core.webui.driver.DriverFactory    - browser = Chrome 135.0.7049.116
2025-05-06 01:15:29.705 INFO  c.k.k.core.webui.driver.DriverFactory    - platform = Windows 11
2025-05-06 01:15:29.705 INFO  c.k.k.core.webui.driver.DriverFactory    - seleniumVersion = 4.28.1
2025-05-06 01:15:29.707 INFO  c.k.k.core.webui.driver.DriverFactory    - proxyInformation = ProxyInformation { proxyOption=NO_PROXY, proxyServerType=HTTP, username=, password=********, proxyServerAddress=, proxyServerPort=0, executionList="", isApplyToDesiredCapabilities=true }
2025-05-06 01:15:29.725 DEBUG testcase.login - success                 - 2: navigateToUrl(link)
2025-05-06 01:15:33.478 DEBUG testcase.login - success                 - 3: click(findTestObject("Login Page/Page_login/i_CURA Healthcare_fa fa-bars"))
2025-05-06 01:15:33.838 DEBUG testcase.login - success                 - 4: click(findTestObject("Login Page/Page_login/a_Login"))
2025-05-06 01:15:34.507 DEBUG testcase.login - success                 - 5: setText(findTestObject("Login Page/Page_login/input_Username_username"), findTestData("Credential").getValue(1, 1))
2025-05-06 01:15:35.224 DEBUG testcase.login - success                 - 6: assert true
2025-05-06 01:15:35.224 DEBUG testcase.login - success                 - 7: setMaskedText(findTestObject("Login Page/Page_login/input_Password_password"), findTestData("Credential").getValue(1,**))
2025-05-06 01:15:35.855 DEBUG testcase.login - success                 - 8: assert true
2025-05-06 01:15:35.856 DEBUG testcase.login - success                 - 9: verifyElementNotPresent(findTestObject("Login Page/Page_login/p_Login failed Please ensure the username and password are valid"), 0)
2025-05-06 01:15:35.869 WARN  c.kms.katalon.core.helper.KeywordHelper  - Timeout '0' is invalid. Using default page load timeout: '30'
2025-05-06 01:15:36.120 DEBUG testcase.login - success                 - 10: click(findTestObject("Login Page/Page_login/button_Login"))
2025-05-06 01:15:37.013 DEBUG testcase.login - success                 - 11: takeScreenshot()
2025-05-06 01:15:37.608 INFO  c.k.katalon.core.main.TestCaseExecutor   - END CALL Test Cases/login - success
2025-05-06 01:15:37.608 INFO  c.k.katalon.core.main.TestCaseExecutor   - --------------------
2025-05-06 01:15:37.616 DEBUG t.appointment - tokyo - medicare         - 2: selectOptionByValue(findTestObject("Appointment Page/Page_Appoinment/select_Tokyo CURA Healthcare Center                            Hongkong CURA Healthcare Center                            Seoul CURA Healthcare Center"), findTestData("appointment-place").getValue(1, 2), true)
2025-05-06 01:15:38.491 DEBUG t.appointment - tokyo - medicare         - 3: click(findTestObject("Appointment Page/Page_Appoinment/input_Apply for hospital readmission_hospit_63901f"))
2025-05-06 01:15:38.801 DEBUG t.appointment - tokyo - medicare         - 4: click(findTestObject("Appointment Page/Page_Appoinment/input_Medicare_programs"))
2025-05-06 01:15:39.147 DEBUG t.appointment - tokyo - medicare         - 5: click(findTestObject("Appointment Page/Page_Appoinment/input_Visit Date (Required)_visit_date"))
2025-05-06 01:15:39.476 DEBUG t.appointment - tokyo - medicare         - 6: click(findTestObject("Appointment Page/Page_Appoinment/td_13"))
2025-05-06 01:15:40.004 DEBUG t.appointment - tokyo - medicare         - 7: click(findTestObject("Appointment Page/Page_Appoinment/div_Comment"))
2025-05-06 01:15:40.519 DEBUG t.appointment - tokyo - medicare         - 8: setText(findTestObject("Appointment Page/Page_Appoinment/textarea_Comment_comment"), "automation test")
2025-05-06 01:15:41.103 DEBUG t.appointment - tokyo - medicare         - 9: takeScreenshot("appointment detail")
2025-05-06 01:15:41.422 DEBUG t.appointment - tokyo - medicare         - 10: click(findTestObject("Appointment Page/Page_Appoinment/button_Book Appointment"))
2025-05-06 01:15:42.098 DEBUG t.appointment - tokyo - medicare         - 11: click(findTestObject("Appointment Page/Page_Appoinment/a_Go to Homepage"))
2025-05-06 01:15:43.021 DEBUG t.appointment - tokyo - medicare         - 12: takeScreenshot("homepage")
2025-05-06 01:15:43.774 DEBUG t.appointment - tokyo - medicare         - 13: closeBrowser()
2025-05-06 01:15:43.975 INFO  c.k.katalon.core.main.TestCaseExecutor   - END Test Cases/appointment - tokyo - medicare
2025-05-06 01:15:43.977 INFO  c.k.katalon.core.main.TestCaseExecutor   - --------------------
2025-05-06 01:15:43.977 INFO  c.k.katalon.core.main.TestCaseExecutor   - START Test Cases/appointment - hongkong - medicaid
2025-05-06 01:15:43.987 INFO  c.k.katalon.core.main.TestCaseExecutor   - (Default) link = https://katalon-demo-cura.herokuapp.com/
2025-05-06 01:15:44.074 DEBUG t.appointment - tokyo - medicare         - 1: callTestCase(findTestCase("login - success"), [:], STOP_ON_FAILURE)
2025-05-06 01:15:44.146 INFO  c.k.katalon.core.main.TestCaseExecutor   - --------------------
2025-05-06 01:15:44.146 INFO  c.k.katalon.core.main.TestCaseExecutor   - CALL Test Cases/login - success
2025-05-06 01:15:44.158 DEBUG testcase.login - success                 - 1: openBrowser("")
2025-05-06 01:15:44.162 INFO  c.k.k.core.webui.driver.DriverFactory    - Starting 'Chrome' driver
2025-05-06 01:15:44.163 INFO  c.k.k.core.webui.driver.DriverFactory    - Action delay is set to 0 milliseconds
May 06, 2025 1:15:45 AM org.openqa.selenium.devtools.CdpVersionFinder findNearestMatch
WARNING: Unable to find CDP implementation matching 135
May 06, 2025 1:15:45 AM org.openqa.selenium.chromium.ChromiumDriver lambda$new$4
WARNING: Unable to find version of CDP to use for 135.0.7049.116. You may need to include a dependency on a specific version of the CDP using something similar to `org.seleniumhq.selenium:selenium-devtools-v86:4.28.1` where the version ("v86") matches the version of the chromium-based browser you're using and the version number of the artifact is the same as Selenium's.
2025-05-06 01:15:45.186 INFO  c.k.k.core.webui.driver.DriverFactory    - sessionId = ff1a4debd6583b7ade1baabe113700e1
2025-05-06 01:15:45.187 INFO  c.k.k.core.webui.driver.DriverFactory    - browser = Chrome 135.0.7049.116
2025-05-06 01:15:45.187 INFO  c.k.k.core.webui.driver.DriverFactory    - platform = Windows 11
2025-05-06 01:15:45.188 INFO  c.k.k.core.webui.driver.DriverFactory    - seleniumVersion = 4.28.1
2025-05-06 01:15:45.188 INFO  c.k.k.core.webui.driver.DriverFactory    - proxyInformation = ProxyInformation { proxyOption=NO_PROXY, proxyServerType=HTTP, username=, password=********, proxyServerAddress=, proxyServerPort=0, executionList="", isApplyToDesiredCapabilities=true }
2025-05-06 01:15:45.209 DEBUG testcase.login - success                 - 2: navigateToUrl(link)
2025-05-06 01:15:49.064 DEBUG testcase.login - success                 - 3: click(findTestObject("Login Page/Page_login/i_CURA Healthcare_fa fa-bars"))
2025-05-06 01:15:49.415 DEBUG testcase.login - success                 - 4: click(findTestObject("Login Page/Page_login/a_Login"))
2025-05-06 01:15:50.060 DEBUG testcase.login - success                 - 5: setText(findTestObject("Login Page/Page_login/input_Username_username"), findTestData("Credential").getValue(1, 1))
2025-05-06 01:15:50.946 DEBUG testcase.login - success                 - 6: assert true
2025-05-06 01:15:50.947 DEBUG testcase.login - success                 - 7: setMaskedText(findTestObject("Login Page/Page_login/input_Password_password"), findTestData("Credential").getValue(1,**))
2025-05-06 01:15:51.564 DEBUG testcase.login - success                 - 8: assert true
2025-05-06 01:15:51.565 DEBUG testcase.login - success                 - 9: verifyElementNotPresent(findTestObject("Login Page/Page_login/p_Login failed Please ensure the username and password are valid"), 0)
2025-05-06 01:15:51.570 WARN  c.kms.katalon.core.helper.KeywordHelper  - Timeout '0' is invalid. Using default page load timeout: '30'
2025-05-06 01:15:51.837 DEBUG testcase.login - success                 - 10: click(findTestObject("Login Page/Page_login/button_Login"))
2025-05-06 01:15:52.720 DEBUG testcase.login - success                 - 11: takeScreenshot()
2025-05-06 01:15:53.342 INFO  c.k.katalon.core.main.TestCaseExecutor   - END CALL Test Cases/login - success
2025-05-06 01:15:53.343 INFO  c.k.katalon.core.main.TestCaseExecutor   - --------------------
2025-05-06 01:15:53.344 DEBUG t.appointment - tokyo - medicare         - 2: selectOptionByValue(findTestObject("Appointment Page/Page_Appoinment/select_Tokyo CURA Healthcare Center                            Hongkong CURA Healthcare Center                            Seoul CURA Healthcare Center"), findTestData("appointment-place").getValue(1, 1), true)
2025-05-06 01:15:54.186 DEBUG t.appointment - tokyo - medicare         - 3: click(findTestObject("Appointment Page/Page_Appoinment/input_Apply for hospital readmission_hospit_63901f"))
2025-05-06 01:15:54.510 DEBUG t.appointment - tokyo - medicare         - 4: click(findTestObject("Appointment Page/Page_Appoinment/input_Medicaid_programs"))
2025-05-06 01:15:54.821 DEBUG t.appointment - tokyo - medicare         - 5: click(findTestObject("Appointment Page/Page_Appoinment/input_Visit Date (Required)_visit_date"))
2025-05-06 01:15:55.131 DEBUG t.appointment - tokyo - medicare         - 6: click(findTestObject("Appointment Page/Page_Appoinment/td_13"))
2025-05-06 01:15:55.665 DEBUG t.appointment - tokyo - medicare         - 7: click(findTestObject("Appointment Page/Page_Appoinment/div_Comment"))
2025-05-06 01:15:56.202 DEBUG t.appointment - tokyo - medicare         - 8: setText(findTestObject("Appointment Page/Page_Appoinment/textarea_Comment_comment"), "automation test")
2025-05-06 01:15:56.798 DEBUG t.appointment - tokyo - medicare         - 9: takeScreenshot("appointment detail")
2025-05-06 01:15:57.126 DEBUG t.appointment - tokyo - medicare         - 10: click(findTestObject("Appointment Page/Page_Appoinment/button_Book Appointment"))
2025-05-06 01:15:58.166 DEBUG t.appointment - tokyo - medicare         - 11: click(findTestObject("Appointment Page/Page_Appoinment/a_Go to Homepage"))
2025-05-06 01:15:58.992 DEBUG t.appointment - tokyo - medicare         - 12: takeScreenshot("homepage")
2025-05-06 01:15:59.746 DEBUG t.appointment - tokyo - medicare         - 13: closeBrowser()
2025-05-06 01:15:59.947 INFO  c.k.katalon.core.main.TestCaseExecutor   - END Test Cases/appointment - hongkong - medicaid
2025-05-06 01:15:59.950 INFO  c.k.katalon.core.main.TestCaseExecutor   - --------------------
2025-05-06 01:15:59.951 INFO  c.k.katalon.core.main.TestCaseExecutor   - START Test Cases/appointment - seoul - none
2025-05-06 01:15:59.962 INFO  c.k.katalon.core.main.TestCaseExecutor   - (Default) link = https://katalon-demo-cura.herokuapp.com/
2025-05-06 01:16:00.074 DEBUG t.appointment - tokyo - medicare         - 1: callTestCase(findTestCase("login - success"), [:], STOP_ON_FAILURE)
2025-05-06 01:16:00.140 INFO  c.k.katalon.core.main.TestCaseExecutor   - --------------------
2025-05-06 01:16:00.141 INFO  c.k.katalon.core.main.TestCaseExecutor   - CALL Test Cases/login - success
2025-05-06 01:16:00.154 DEBUG testcase.login - success                 - 1: openBrowser("")
2025-05-06 01:16:00.159 INFO  c.k.k.core.webui.driver.DriverFactory    - Starting 'Chrome' driver
2025-05-06 01:16:00.160 INFO  c.k.k.core.webui.driver.DriverFactory    - Action delay is set to 0 milliseconds
May 06, 2025 1:16:01 AM org.openqa.selenium.devtools.CdpVersionFinder findNearestMatch
WARNING: Unable to find CDP implementation matching 135
May 06, 2025 1:16:01 AM org.openqa.selenium.chromium.ChromiumDriver lambda$new$4
WARNING: Unable to find version of CDP to use for 135.0.7049.116. You may need to include a dependency on a specific version of the CDP using something similar to `org.seleniumhq.selenium:selenium-devtools-v86:4.28.1` where the version ("v86") matches the version of the chromium-based browser you're using and the version number of the artifact is the same as Selenium's.
2025-05-06 01:16:01.195 INFO  c.k.k.core.webui.driver.DriverFactory    - sessionId = b7b19575e2c8c4bce4696c4bc5a0c9de
2025-05-06 01:16:01.196 INFO  c.k.k.core.webui.driver.DriverFactory    - browser = Chrome 135.0.7049.116
2025-05-06 01:16:01.196 INFO  c.k.k.core.webui.driver.DriverFactory    - platform = Windows 11
2025-05-06 01:16:01.196 INFO  c.k.k.core.webui.driver.DriverFactory    - seleniumVersion = 4.28.1
2025-05-06 01:16:01.197 INFO  c.k.k.core.webui.driver.DriverFactory    - proxyInformation = ProxyInformation { proxyOption=NO_PROXY, proxyServerType=HTTP, username=, password=********, proxyServerAddress=, proxyServerPort=0, executionList="", isApplyToDesiredCapabilities=true }
2025-05-06 01:16:01.215 DEBUG testcase.login - success                 - 2: navigateToUrl(link)
2025-05-06 01:16:03.947 DEBUG testcase.login - success                 - 3: click(findTestObject("Login Page/Page_login/i_CURA Healthcare_fa fa-bars"))
2025-05-06 01:16:04.316 DEBUG testcase.login - success                 - 4: click(findTestObject("Login Page/Page_login/a_Login"))
2025-05-06 01:16:05.017 DEBUG testcase.login - success                 - 5: setText(findTestObject("Login Page/Page_login/input_Username_username"), findTestData("Credential").getValue(1, 1))
2025-05-06 01:16:05.722 DEBUG testcase.login - success                 - 6: assert true
2025-05-06 01:16:05.723 DEBUG testcase.login - success                 - 7: setMaskedText(findTestObject("Login Page/Page_login/input_Password_password"), findTestData("Credential").getValue(1,**))
2025-05-06 01:16:06.408 DEBUG testcase.login - success                 - 8: assert true
2025-05-06 01:16:06.409 DEBUG testcase.login - success                 - 9: verifyElementNotPresent(findTestObject("Login Page/Page_login/p_Login failed Please ensure the username and password are valid"), 0)
2025-05-06 01:16:06.417 WARN  c.kms.katalon.core.helper.KeywordHelper  - Timeout '0' is invalid. Using default page load timeout: '30'
2025-05-06 01:16:06.672 DEBUG testcase.login - success                 - 10: click(findTestObject("Login Page/Page_login/button_Login"))
2025-05-06 01:16:07.581 DEBUG testcase.login - success                 - 11: takeScreenshot()
2025-05-06 01:16:08.135 INFO  c.k.katalon.core.main.TestCaseExecutor   - END CALL Test Cases/login - success
2025-05-06 01:16:08.135 INFO  c.k.katalon.core.main.TestCaseExecutor   - --------------------
2025-05-06 01:16:08.136 DEBUG t.appointment - tokyo - medicare         - 2: selectOptionByValue(findTestObject("Appointment Page/Page_Appoinment/select_Tokyo CURA Healthcare Center                            Hongkong CURA Healthcare Center                            Seoul CURA Healthcare Center"), findTestData("appointment-place").getValue(1, 3), true)
2025-05-06 01:16:08.987 DEBUG t.appointment - tokyo - medicare         - 3: click(findTestObject("Appointment Page/Page_Appoinment/input_Apply for hospital readmission_hospit_63901f"))
2025-05-06 01:16:09.298 DEBUG t.appointment - tokyo - medicare         - 4: click(findTestObject("Appointment Page/Page_Appoinment/input_None_programs"))
2025-05-06 01:16:09.630 DEBUG t.appointment - tokyo - medicare         - 5: click(findTestObject("Appointment Page/Page_Appoinment/input_Visit Date (Required)_visit_date"))
2025-05-06 01:16:09.997 DEBUG t.appointment - tokyo - medicare         - 6: click(findTestObject("Appointment Page/Page_Appoinment/td_13"))
2025-05-06 01:16:10.535 DEBUG t.appointment - tokyo - medicare         - 7: click(findTestObject("Appointment Page/Page_Appoinment/div_Comment"))
2025-05-06 01:16:11.043 DEBUG t.appointment - tokyo - medicare         - 8: setText(findTestObject("Appointment Page/Page_Appoinment/textarea_Comment_comment"), "automation test")
2025-05-06 01:16:11.600 DEBUG t.appointment - tokyo - medicare         - 9: takeScreenshot("appointment detail")
2025-05-06 01:16:11.939 DEBUG t.appointment - tokyo - medicare         - 10: click(findTestObject("Appointment Page/Page_Appoinment/button_Book Appointment"))
2025-05-06 01:16:12.518 DEBUG t.appointment - tokyo - medicare         - 11: click(findTestObject("Appointment Page/Page_Appoinment/a_Go to Homepage"))
2025-05-06 01:16:13.411 DEBUG t.appointment - tokyo - medicare         - 12: takeScreenshot("homepage")
2025-05-06 01:16:14.193 DEBUG t.appointment - tokyo - medicare         - 13: closeBrowser()
2025-05-06 01:16:14.408 INFO  c.k.katalon.core.main.TestCaseExecutor   - END Test Cases/appointment - seoul - none
2025-05-06 01:16:14.413 INFO  c.k.katalon.core.main.TestCaseExecutor   - --------------------
2025-05-06 01:16:14.413 INFO  c.k.katalon.core.main.TestCaseExecutor   - START Test Cases/logout
2025-05-06 01:16:14.508 DEBUG testcase.logout                          - 1: openBrowser("")
2025-05-06 01:16:14.511 INFO  c.k.k.core.webui.driver.DriverFactory    - Starting 'Chrome' driver
2025-05-06 01:16:14.512 INFO  c.k.k.core.webui.driver.DriverFactory    - Action delay is set to 0 milliseconds
May 06, 2025 1:16:15 AM org.openqa.selenium.devtools.CdpVersionFinder findNearestMatch
WARNING: Unable to find CDP implementation matching 135
May 06, 2025 1:16:15 AM org.openqa.selenium.chromium.ChromiumDriver lambda$new$4
WARNING: Unable to find version of CDP to use for 135.0.7049.116. You may need to include a dependency on a specific version of the CDP using something similar to `org.seleniumhq.selenium:selenium-devtools-v86:4.28.1` where the version ("v86") matches the version of the chromium-based browser you're using and the version number of the artifact is the same as Selenium's.
2025-05-06 01:16:15.541 INFO  c.k.k.core.webui.driver.DriverFactory    - sessionId = 99069cbb22774ce0ebba7636f5da1644
2025-05-06 01:16:15.542 INFO  c.k.k.core.webui.driver.DriverFactory    - browser = Chrome 135.0.7049.116
2025-05-06 01:16:15.542 INFO  c.k.k.core.webui.driver.DriverFactory    - platform = Windows 11
2025-05-06 01:16:15.543 INFO  c.k.k.core.webui.driver.DriverFactory    - seleniumVersion = 4.28.1
2025-05-06 01:16:15.543 INFO  c.k.k.core.webui.driver.DriverFactory    - proxyInformation = ProxyInformation { proxyOption=NO_PROXY, proxyServerType=HTTP, username=, password=********, proxyServerAddress=, proxyServerPort=0, executionList="", isApplyToDesiredCapabilities=true }
2025-05-06 01:16:15.558 DEBUG testcase.logout                          - 2: callTestCase(findTestCase("login - success"), [:], STOP_ON_FAILURE)
2025-05-06 01:16:15.625 INFO  c.k.katalon.core.main.TestCaseExecutor   - --------------------
2025-05-06 01:16:15.625 INFO  c.k.katalon.core.main.TestCaseExecutor   - CALL Test Cases/login - success
2025-05-06 01:16:15.637 DEBUG testcase.login - success                 - 1: openBrowser("")
2025-05-06 01:16:15.640 WARN  c.k.k.core.webui.driver.DriverFactory    - A browser is already opened. Closing browser and opening a new one
2025-05-06 01:16:15.775 INFO  c.k.k.core.webui.driver.DriverFactory    - Starting 'Chrome' driver
2025-05-06 01:16:15.776 INFO  c.k.k.core.webui.driver.DriverFactory    - Action delay is set to 0 milliseconds
May 06, 2025 1:16:16 AM org.openqa.selenium.devtools.CdpVersionFinder findNearestMatch
WARNING: Unable to find CDP implementation matching 135
May 06, 2025 1:16:16 AM org.openqa.selenium.chromium.ChromiumDriver lambda$new$4
WARNING: Unable to find version of CDP to use for 135.0.7049.116. You may need to include a dependency on a specific version of the CDP using something similar to `org.seleniumhq.selenium:selenium-devtools-v86:4.28.1` where the version ("v86") matches the version of the chromium-based browser you're using and the version number of the artifact is the same as Selenium's.
2025-05-06 01:16:16.769 INFO  c.k.k.core.webui.driver.DriverFactory    - sessionId = 87455236eaf9bc5a2ab529c81eb346f6
2025-05-06 01:16:16.769 INFO  c.k.k.core.webui.driver.DriverFactory    - browser = Chrome 135.0.7049.116
2025-05-06 01:16:16.769 INFO  c.k.k.core.webui.driver.DriverFactory    - platform = Windows 11
2025-05-06 01:16:16.770 INFO  c.k.k.core.webui.driver.DriverFactory    - seleniumVersion = 4.28.1
2025-05-06 01:16:16.770 INFO  c.k.k.core.webui.driver.DriverFactory    - proxyInformation = ProxyInformation { proxyOption=NO_PROXY, proxyServerType=HTTP, username=, password=********, proxyServerAddress=, proxyServerPort=0, executionList="", isApplyToDesiredCapabilities=true }
2025-05-06 01:16:16.785 DEBUG testcase.login - success                 - 2: navigateToUrl(link)
2025-05-06 01:16:20.391 DEBUG testcase.login - success                 - 3: click(findTestObject("Login Page/Page_login/i_CURA Healthcare_fa fa-bars"))
2025-05-06 01:16:20.774 DEBUG testcase.login - success                 - 4: click(findTestObject("Login Page/Page_login/a_Login"))
2025-05-06 01:16:21.450 DEBUG testcase.login - success                 - 5: setText(findTestObject("Login Page/Page_login/input_Username_username"), findTestData("Credential").getValue(1, 1))
2025-05-06 01:16:22.242 DEBUG testcase.login - success                 - 6: assert true
2025-05-06 01:16:22.243 DEBUG testcase.login - success                 - 7: setMaskedText(findTestObject("Login Page/Page_login/input_Password_password"), findTestData("Credential").getValue(1,**))
2025-05-06 01:16:22.860 DEBUG testcase.login - success                 - 8: assert true
2025-05-06 01:16:22.861 DEBUG testcase.login - success                 - 9: verifyElementNotPresent(findTestObject("Login Page/Page_login/p_Login failed Please ensure the username and password are valid"), 0)
2025-05-06 01:16:22.866 WARN  c.kms.katalon.core.helper.KeywordHelper  - Timeout '0' is invalid. Using default page load timeout: '30'
2025-05-06 01:16:23.129 DEBUG testcase.login - success                 - 10: click(findTestObject("Login Page/Page_login/button_Login"))
2025-05-06 01:16:24.009 DEBUG testcase.login - success                 - 11: takeScreenshot()
2025-05-06 01:16:24.581 INFO  c.k.katalon.core.main.TestCaseExecutor   - END CALL Test Cases/login - success
2025-05-06 01:16:24.581 INFO  c.k.katalon.core.main.TestCaseExecutor   - --------------------
2025-05-06 01:16:24.582 DEBUG testcase.logout                          - 3: click(findTestObject("Login Page/Page_login/i_CURA Healthcare_fa fa-bars"))
2025-05-06 01:16:24.913 DEBUG testcase.logout                          - 4: click(findTestObject("Logout/Page_sidebar-logout/a_Logout"))
2025-05-06 01:16:25.828 DEBUG testcase.logout                          - 5: closeBrowser()
2025-05-06 01:16:26.030 INFO  c.k.katalon.core.main.TestCaseExecutor   - END Test Cases/logout
2025-05-06 01:16:26.071 INFO  c.k.katalon.core.main.TestSuiteExecutor  - --------------------
2025-05-06 01:16:26.071 INFO  c.k.katalon.core.main.TestSuiteExecutor  - END Test Suites/Kawan Lama Test Suite
2025-05-06 01:16:26.071 INFO  c.k.katalon.core.main.TestSuiteExecutor  - ====================
